<?xml version="1.0" encoding="UTF-8"?>
<testsuite name="SelenideWikiTests" tests="3" skipped="0" failures="0" errors="0" timestamp="2022-02-22T21:19:49" hostname="192.168.0.3" time="15.356">
  <properties/>
  <testcase name="search repo Selenide" classname="SelenideWikiTests" time="13.068"/>
  <testcase name="search Wiki tab" classname="SelenideWikiTests" time="0.276"/>
  <testcase name="openPageSearchAssertionAndCheckCode()" classname="SelenideWikiTests" time="2.005"/>
  <system-out><![CDATA[]]></system-out>
  <system-err><![CDATA[[Test worker] INFO com.codeborne.selenide.impl.WebDriverThreadLocalContainer - No webdriver is bound to current thread: 13 - let's create a new webdriver
[Test worker] INFO com.codeborne.selenide.impl.FileHelper - Creating folder: /Users/nelakov/IdeaProjects/github-aqa/build/downloads/1645564789408_8342_13
[Test worker] INFO io.github.bonigarcia.wdm.WebDriverManager - Using chromedriver 98.0.4758.102 (resolved driver for Chrome 98)
[Test worker] INFO io.github.bonigarcia.wdm.WebDriverManager - Exporting webdriver.chrome.driver as /Users/nelakov/.cache/selenium/chromedriver/mac64/98.0.4758.102/chromedriver
Starting ChromeDriver 98.0.4758.102 (273bf7ac8c909cde36982d27f66f3c70846a3718-refs/branch-heads/4758@{#1151}) on port 57417
Only local connections are allowed.
Please see https://chromedriver.chromium.org/security-considerations for suggestions on keeping ChromeDriver safe.
ChromeDriver was started successfully.
Feb 23, 2022 12:19:54 AM org.openqa.selenium.remote.ProtocolHandshake createSession
INFO: Detected dialect: W3C
Feb 23, 2022 12:19:54 AM org.openqa.selenium.devtools.CdpVersionFinder findNearestMatch
WARNING: Unable to find an exact match for CDP version 98, so returning the closest version found: 97
Feb 23, 2022 12:19:54 AM org.openqa.selenium.devtools.CdpVersionFinder findNearestMatch
INFO: Found CDP implementation for version 98 of 97
[Test worker] INFO com.codeborne.selenide.webdriver.HttpClientTimeouts - Changed connectTimeout from PT10S to PT10S
[Test worker] INFO com.codeborne.selenide.webdriver.HttpClientTimeouts - Changed readTimeout from PT1M30S to PT1M30S
[Test worker] INFO com.codeborne.selenide.webdriver.BrowserResizer - Set browser size to 1920x1080
[Test worker] INFO com.codeborne.selenide.webdriver.WebDriverFactory - BrowserName=chrome Version=98.0.4758.102 Platform=MAC
[Test worker] INFO com.codeborne.selenide.webdriver.WebDriverFactory - Selenide v. 6.3.2
[Test worker] INFO com.codeborne.selenide.webdriver.WebDriverFactory - Selenium WebDriver v. 4.1.2 build revision: 9a5a329c5a
[Test worker] INFO com.codeborne.selenide.drivercommands.CreateDriverCommand - Created webdriver in thread 13: ChromeDriver -> ChromeDriver: chrome on MAC (478e289655639128306f7f0ab1291a3d)
]]></system-err>
</testsuite>
